[2026-04-08T19:24:28.786Z] SERVER_START: {"port":3003}
[2026-04-08T19:52:14.089Z] SERVER_START: {"port":3003}
[2026-04-08T20:20:46.285Z] SERVER_START: {"port":3003}
[2026-04-08T20:38:47.523Z] ACTION: {"action":"open_app","params":{"app":"excel"}}
[2026-04-08T20:38:50.172Z] ERROR: {"action":"open_app","error":"ENOENT: no such file or directory, open 'C:\\Users\\Tellop\\AppData\\Local\\Temp\\screenshot-1775680730060.png'"}
[2026-04-08T20:41:27.774Z] SERVER_START: {"port":3003}
[2026-04-08T20:41:43.942Z] ACTION: {"action":"open_app","params":{"app":"excel"}}
[2026-04-08T20:41:46.265Z] ERROR: {"action":"open_app","error":"ENOENT: no such file or directory, open ''"}
[2026-04-08T20:44:44.549Z] SERVER_START: {"port":3003}
[2026-04-08T20:44:58.199Z] ACTION: {"action":"open_app","params":{"app":"excel"}}
[2026-04-08T20:46:34.507Z] ACTION: {"action":"open_app","params":{"app":"chrome"}}
[2026-04-08T20:50:23.517Z] ACTION: {"action":"open_app","params":{"app":"chrome"}}
[2026-04-08T20:51:10.905Z] ACTION: {"action":"open_app","params":{"app":"chrome"}}
[2026-04-08T20:55:22.762Z] ACTION: {"action":"open_app","params":{"app":"chrome"}}
[2026-04-08T20:59:04.867Z] ACTION: {"action":"open_app","params":{"app":"chrome"}}
[2026-04-08T21:04:31.222Z] ACTION: {"action":"open_app","params":{"app":"chrome"}}
[2026-04-08T21:05:48.472Z] ACTION: {"action":"open_app","params":{"app":"chrome"}}
[2026-04-08T21:07:58.800Z] ACTION: {"action":"open_app","params":{"app":"chrome"}}
[2026-04-08T21:08:38.603Z] ACTION: {"action":"open_app","params":{"app":"chrome"}}
[2026-04-08T21:21:20.273Z] SERVER_START: {"port":3003}
[2026-04-08T21:22:10.725Z] SERVER_START: {"port":3003}
[2026-04-08T21:24:34.140Z] ACTION: {"action":"open_app","params":{"app":"chrome"}}
[2026-04-08T21:25:37.490Z] ACTION: {"action":"open_app","params":{"app":"chrome"}}
[2026-04-08T21:25:51.408Z] ACTION: {"action":"open_app","params":{"app":"word"}}
[2026-04-08T21:29:58.451Z] SERVER_START: {"port":3003}
[2026-04-08T21:30:17.525Z] ACTION: {"action":"open_app","params":{"app":"word"}}
[2026-04-08T21:34:49.426Z] SERVER_START: {"port":3003}
[2026-04-08T21:36:07.188Z] SERVER_START: {"port":3003}
[2026-04-08T21:38:26.666Z] ACTION: {"action":"open_app","params":{"app":"word"}}
[2026-04-08T21:52:10.133Z] SERVER_START: {"port":3003}
[2026-04-08T21:53:08.002Z] SERVER_START: {"port":3003}
[2026-04-08T21:59:12.130Z] SERVER_START: {"port":3003}
[2026-04-08T21:59:36.882Z] ACTION: {"action":"open_app","params":{"app":"wordpress"}}
[2026-04-08T22:01:10.111Z] ACTION: {"action":"open_app","params":{"app":"wordpress"}}
[2026-04-08T22:02:25.512Z] ACTION: {"action":"open_app","params":{"app":"wordpress"}}
[2026-04-08T22:03:19.660Z] ACTION: {"action":"open_app","params":{"app":"wordpress"}}
[2026-04-08T22:21:49.354Z] ACTION: {"action":"open_app","params":{"app":"wordpress"}}
[2026-04-08T22:23:23.523Z] ACTION: {"action":"screenshot"}
[2026-04-08T22:23:27.589Z] ACTION: {"action":"open_app","params":{"app":"wordpress"}}
[2026-04-08T22:23:34.540Z] ACTION: {"action":"screenshot"}
[2026-04-08T22:23:39.997Z] ACTION: {"action":"click","params":{"x":35,"y":286}}
[2026-04-08T22:23:46.101Z] ACTION: {"action":"click","params":{"x":35,"y":286}}
[2026-04-08T22:23:53.574Z] ACTION: {"action":"click","params":{"x":"55, 77","y":77}}
[2026-04-08T22:24:00.078Z] ACTION: {"action":"click","params":{"x":728,"y":35}}
[2026-04-08T22:25:55.966Z] ACTION: {"action":"open_app","params":{"app":"wordpress"}}
[2026-04-08T22:33:36.671Z] ACTION: {"action":"open_app","params":{"app":"chrome"}}
[2026-04-08T22:35:50.325Z] ACTION: {"action":"open_app","params":{"app":"wordpress"}}
[2026-04-08T22:37:27.298Z] ACTION: {"action":"open_app","params":{"app":"wordpress"}}
[2026-04-08T22:37:34.941Z] ACTION: {"action":"click","params":{"x":886,"y":285}}
[2026-04-08T22:37:52.698Z] ACTION: {"action":"screenshot"}
[2026-04-08T22:38:02.235Z] ACTION: {"action":"click","params":{"x":35,"y":286}}
[2026-04-08T22:38:07.234Z] ACTION: {"action":"screenshot"}
[2026-04-08T22:38:12.660Z] ACTION: {"action":"click","params":{"x":"55, ","y":77}}
[2026-04-08T22:38:19.243Z] ACTION: {"action":"click","params":{"x":728,"y":35}}
[2026-04-08T22:38:24.878Z] ACTION: {"action":"click","params":{"x":"869, ","y":11}}
[2026-04-08T22:38:31.388Z] ACTION: {"action":"click","params":{"x":728,"y":35}}
[2026-04-08T22:41:42.555Z] ACTION: {"action":"open_app","params":{"app":"wordpress"}}
[2026-04-08T22:45:43.312Z] ACTION: {"action":"screenshot"}
[2026-04-08T22:45:48.322Z] ACTION: {"action":"open_app","params":{"app":"wordpress"}}
[2026-04-08T22:45:54.700Z] ACTION: {"action":"screenshot"}
[2026-04-08T22:45:59.313Z] ACTION: {"action":"click","params":{"x":35,"y":286}}
[2026-04-08T22:46:04.835Z] ACTION: {"action":"click","params":{"x":35,"y":286}}
[2026-04-08T22:46:14.224Z] ACTION: {"action":"click","params":{"x":"140, 35","y":35}}
[2026-04-08T22:46:21.462Z] ACTION: {"action":"click","params":{"x":728,"y":35}}
[2026-04-08T22:47:57.200Z] ACTION: {"action":"open_app","params":{"app":"wordpress"}}
[2026-04-08T22:50:51.259Z] ACTION: {"action":"screenshot"}
[2026-04-08T22:50:52.589Z] ACTION: {"action":"open_app","params":{"app":"wordpress"}}
[2026-04-08T22:50:58.941Z] ACTION: {"action":"click","params":{"x":200,"y":300}}
[2026-04-08T22:51:02.343Z] ACTION: {"action":"screenshot"}
[2026-04-08T22:51:23.342Z] ACTION: {"action":"open_app","params":{"app":"chrome"}}
[2026-04-08T22:51:28.233Z] ACTION: {"action":"screenshot"}
[2026-04-08T22:51:30.975Z] ACTION: {"action":"click","params":{"x":760,"y":45}}
[2026-04-08T22:51:34.157Z] ACTION: {"action":"type","params":{"text":"https://facadespollet.fr/wp-admin/edit.php?post_status=draft&post_type=post\n"}}
[2026-04-08T22:51:39.668Z] ACTION: {"action":"screenshot"}
[2026-04-08T22:52:09.933Z] ACTION: {"action":"screenshot"}
[2026-04-08T22:54:22.168Z] ACTION: {"action":"screenshot"}
[2026-04-08T22:54:23.882Z] ACTION: {"action":"open_app","params":{"app":"wordpress"}}
[2026-04-08T22:54:28.818Z] ACTION: {"action":"screenshot"}
[2026-04-08T22:54:32.272Z] ACTION: {"action":"click","params":{"x":150,"y":300}}
[2026-04-08T22:54:35.226Z] ACTION: {"action":"screenshot"}
[2026-04-08T22:56:35.726Z] ACTION: {"action":"screenshot"}
[2026-04-08T22:56:37.148Z] ACTION: {"action":"open_app","params":{"app":"wordpress"}}
[2026-04-08T22:56:44.326Z] ACTION: {"action":"click","params":{"x":728,"y":35}}
[2026-04-08T22:56:50.693Z] ACTION: {"action":"click","params":{"x":728,"y":35}}
[2026-04-08T22:56:57.503Z] ACTION: {"action":"type","params":{"text":"facadespollet.fr/wp-admin/edit.php?post_status=draft&post_type=post\n"}}
[2026-04-08T22:57:06.907Z] ACTION: {"action":"click","params":{"x":728,"y":35}}
[2026-04-08T22:59:24.529Z] ACTION: {"action":"open_app","params":{"app":"wordpress"}}
[2026-04-08T22:59:30.552Z] ACTION: {"action":"click","params":{"x":728,"y":35}}
[2026-04-08T22:59:36.499Z] ACTION: {"action":"type","params":{"text":"facadespollet.fr/wp-admin/edit.php?post_status=draft&post_type=post\n"}}
[2026-04-08T22:59:45.231Z] ACTION: {"action":"click","params":{"x":400,"y":35}}
[2026-04-08T22:59:51.286Z] ACTION: {"action":"click","params":{"x":728,"y":35}}
[2026-04-08T23:00:18.828Z] ACTION: {"action":"screenshot"}
[2026-04-08T23:00:20.243Z] ACTION: {"action":"open_app","params":{"app":"wordpress"}}
[2026-04-08T23:00:27.598Z] ACTION: {"action":"click","params":{"x":400,"y":35}}
[2026-04-08T23:00:34.407Z] ACTION: {"action":"click","params":{"x":728,"y":35}}
[2026-04-08T23:00:41.608Z] ACTION: {"action":"click","params":{"x":400,"y":35}}
[2026-04-08T23:00:48.713Z] ACTION: {"action":"click","params":{"x":"194, 11","y":11}}
